2022-10-17 12:29:19,182 [INFO] Activator:177 - 


2022-10-17 12:29:19,184 [INFO] Activator:178 - !SESSION log4j initialized
2022-10-17 12:29:54,145 [ERROR] LogOutputStream:74 - [STDERR_REDIRECT] SLF4J: Failed to load class "org.slf4j.impl.StaticLoggerBinder".
2022-10-17 12:29:54,148 [ERROR] LogOutputStream:74 - [STDERR_REDIRECT] SLF4J: Defaulting to no-operation (NOP) logger implementation
2022-10-17 12:29:54,155 [ERROR] LogOutputStream:74 - [STDERR_REDIRECT] SLF4J: See http://www.slf4j.org/codes.html#StaticLoggerBinder for further details.
2022-10-17 14:16:34,579 [INFO] McuFinderGlobals:44 - Set McuFinder mode to 2 (CubeIDE integrated)
2022-10-17 14:16:37,667 [INFO] ApplicationProperties:181 - Using Application install path: E:\ST\STM32CubeIDE_1.9.0\STM32CubeIDE\plugins\com.st.stm32cube.common.mx_6.6.1.202207061420
2022-10-17 14:16:37,722 [INFO] DbMcusXml:77 - Set database path to: E:\ST\STM32CubeIDE_1.9.0\STM32CubeIDE\plugins\com.st.stm32cube.common.mx_6.6.1.202207061420\\db\/mcu/
2022-10-17 14:16:37,723 [INFO] ApiDb:269 - Set plugin database path to: E:\ST\STM32CubeIDE_1.9.0\STM32CubeIDE\plugins\com.st.stm32cube.common.mx_6.6.1.202207061420\\db\/plugins/boardmanager/
2022-10-17 14:16:37,725 [WARN] ApiDb:254 - Overriding images path with different value:  => E:\ST\STM32CubeIDE_1.9.0\STM32CubeIDE\plugins\com.st.stm32cube.common.mx_6.6.1.202207061420\\db\/plugins/mcufinder/images/
2022-10-17 14:16:37,818 [INFO] ApiDb:249 - Set database path to: C:\Users\gamin\.stmcufinder\plugins\mcufinder//mcu/
2022-10-17 14:16:37,821 [INFO] DbMcusAds:124 - Set database path to: C:\Users\gamin\.stmcufinder\plugins\mcufinder//mcu/
2022-10-17 14:16:37,831 [INFO] CrossReferenceDbSqlite:201 - Set database path to: C:\Users\gamin\.stmcufinder\plugins\mcufinder//mcu/cs/
2022-10-17 14:16:38,077 [INFO] RulesReader:61 - Compatibility file has been processed (282 Rules)
2022-10-17 14:16:38,280 [INFO] DbMcusXml:77 - Set database path to: E:\ST\STM32CubeIDE_1.9.0\STM32CubeIDE\plugins\com.st.stm32cube.common.mx_6.6.1.202207061420\\db\/mcu/
2022-10-17 14:16:38,280 [INFO] ApiDb:269 - Set plugin database path to: E:\ST\STM32CubeIDE_1.9.0\STM32CubeIDE\plugins\com.st.stm32cube.common.mx_6.6.1.202207061420\\db\/plugins/boardmanager/
2022-10-17 14:16:38,280 [INFO] ApiDb:256 - Set plugin images path to: E:\ST\STM32CubeIDE_1.9.0\STM32CubeIDE\plugins\com.st.stm32cube.common.mx_6.6.1.202207061420\\db\/plugins/mcufinder/images/
2022-10-17 14:16:38,281 [WARN] DbFile:40 - Overriding database path with different value: C:\Users\gamin\.stmcufinder\plugins\mcufinder/ => C:\Users\gamin\.stmcufinder\plugins\mcufinder
2022-10-17 14:16:38,281 [INFO] ApiDb:249 - Set database path to: C:\Users\gamin\.stmcufinder\plugins\mcufinder//mcu/
2022-10-17 14:16:38,281 [WARN] DbFile:40 - Overriding database path with different value: C:\Users\gamin\.stmcufinder\plugins\mcufinder/ => C:\Users\gamin\.stmcufinder\plugins\mcufinder
2022-10-17 14:16:38,281 [INFO] DbMcusAds:124 - Set database path to: C:\Users\gamin\.stmcufinder\plugins\mcufinder//mcu/
2022-10-17 14:16:38,282 [WARN] DbFile:40 - Overriding database path with different value: C:\Users\gamin\.stmcufinder\plugins\mcufinder/ => C:\Users\gamin\.stmcufinder\plugins\mcufinder
2022-10-17 14:16:38,282 [WARN] DbFile:40 - Overriding database path with different value: C:\Users\gamin\.stmcufinder\plugins\mcufinder/ => C:\Users\gamin\.stmcufinder\plugins\mcufinder
2022-10-17 14:16:38,282 [INFO] CrossReferenceDbSqlite:201 - Set database path to: C:\Users\gamin\.stmcufinder\plugins\mcufinder//mcu/cs/
2022-10-17 14:16:38,457 [INFO] MainPanel:242 - HeapMemory: 492830720
2022-10-17 14:16:38,694 [INFO] DbMcusXml:77 - Set database path to: E:\ST\STM32CubeIDE_1.9.0\STM32CubeIDE\plugins\com.st.stm32cube.common.mx_6.6.1.202207061420\\db\/mcu/
2022-10-17 14:16:38,694 [INFO] ApiDb:269 - Set plugin database path to: E:\ST\STM32CubeIDE_1.9.0\STM32CubeIDE\plugins\com.st.stm32cube.common.mx_6.6.1.202207061420\\db\/plugins/boardmanager/
2022-10-17 14:16:38,694 [INFO] ApiDb:256 - Set plugin images path to: E:\ST\STM32CubeIDE_1.9.0\STM32CubeIDE\plugins\com.st.stm32cube.common.mx_6.6.1.202207061420\\db\/plugins/mcufinder/images/
2022-10-17 14:16:38,694 [WARN] DbFile:40 - Overriding database path with different value: C:\Users\gamin\.stmcufinder\plugins\mcufinder/ => C:\Users\gamin\.stmcufinder\plugins\mcufinder
2022-10-17 14:16:38,695 [INFO] ApiDb:249 - Set database path to: C:\Users\gamin\.stmcufinder\plugins\mcufinder//mcu/
2022-10-17 14:16:38,695 [WARN] DbFile:40 - Overriding database path with different value: C:\Users\gamin\.stmcufinder\plugins\mcufinder/ => C:\Users\gamin\.stmcufinder\plugins\mcufinder
2022-10-17 14:16:38,695 [INFO] DbMcusAds:124 - Set database path to: C:\Users\gamin\.stmcufinder\plugins\mcufinder//mcu/
2022-10-17 14:16:38,695 [WARN] DbFile:40 - Overriding database path with different value: C:\Users\gamin\.stmcufinder\plugins\mcufinder/ => C:\Users\gamin\.stmcufinder\plugins\mcufinder
2022-10-17 14:16:38,695 [WARN] DbFile:40 - Overriding database path with different value: C:\Users\gamin\.stmcufinder\plugins\mcufinder/ => C:\Users\gamin\.stmcufinder\plugins\mcufinder
2022-10-17 14:16:38,696 [INFO] CrossReferenceDbSqlite:201 - Set database path to: C:\Users\gamin\.stmcufinder\plugins\mcufinder//mcu/cs/
2022-10-17 14:16:38,719 [INFO] ApplicationProperties:181 - Using Application install path: E:\ST\STM32CubeIDE_1.9.0\STM32CubeIDE\plugins\com.st.stm32cube.common.mx_6.6.1.202207061420
2022-10-17 14:16:38,721 [INFO] PluginManage:193 - Search for loadable plugins [exclusion list=, ]
2022-10-17 14:16:38,722 [INFO] PluginManage:307 - Check plugin analytics
2022-10-17 14:16:38,942 [INFO] AnalyticsPlugin:262 - Accepted Software Licenses: 
2022-10-17 14:16:38,944 [INFO] AnalyticsPlugin:264 - Accepted CMSIS Pack Licenses: 
2022-10-17 14:16:38,945 [INFO] AnalyticsPlugin:266 - Accepted Firmware Licenses: 
2022-10-17 14:16:38,952 [INFO] PluginManage:356 - Loaded plugin analytics (category:tool,tabindex:-1)
2022-10-17 14:16:38,952 [INFO] PluginManage:307 - Check plugin cadmodel
2022-10-17 14:16:39,013 [INFO] CADModel:65 - Init CAD model plugin
2022-10-17 14:16:39,013 [INFO] PluginManage:356 - Loaded plugin cadmodel (category:power,tabindex:5)
2022-10-17 14:16:39,014 [INFO] PluginManage:307 - Check plugin clock
2022-10-17 14:16:39,065 [INFO] PluginManage:356 - Loaded plugin clock (category:base,tabindex:2)
2022-10-17 14:16:39,065 [INFO] PluginManage:307 - Check plugin ddr
2022-10-17 14:16:39,071 [INFO] PluginManage:356 - Loaded plugin ddr (category:tool,tabindex:6)
2022-10-17 14:16:39,071 [INFO] PluginManage:307 - Check plugin filemanager
2022-10-17 14:16:39,351 [INFO] PluginManage:356 - Loaded plugin filemanager (category:base,tabindex:10)
2022-10-17 14:16:39,351 [INFO] PluginManage:307 - Check plugin ipmanager
2022-10-17 14:16:39,374 [INFO] PluginManage:356 - Loaded plugin ipmanager (category:base,tabindex:5)
2022-10-17 14:16:39,374 [INFO] PluginManage:307 - Check plugin lpbam
2022-10-17 14:16:39,401 [INFO] PluginManage:356 - Loaded plugin lpbam (category:base,tabindex:0)
2022-10-17 14:16:39,401 [INFO] PluginManage:307 - Check plugin pinoutandconfiguration
2022-10-17 14:16:39,420 [INFO] PluginManage:356 - Loaded plugin pinoutandconfiguration (category:base,tabindex:1)
2022-10-17 14:16:39,420 [INFO] PluginManage:307 - Check plugin pinoutconfig
2022-10-17 14:16:39,493 [INFO] PluginManage:356 - Loaded plugin pinoutconfig (category:base,tabindex:0)
2022-10-17 14:16:39,493 [INFO] PluginManage:307 - Check plugin power
2022-10-17 14:16:39,556 [INFO] PluginManage:356 - Loaded plugin power (category:power,tabindex:4)
2022-10-17 14:16:39,557 [INFO] PluginManage:307 - Check plugin projectmanager
2022-10-17 14:16:39,609 [INFO] PluginManage:356 - Loaded plugin projectmanager (category:projectmanager,tabindex:3)
2022-10-17 14:16:39,609 [INFO] PluginManage:307 - Check plugin thirdparty
2022-10-17 14:16:39,846 [WARN] IntegrityCheckThread:82 - waiting for thirdparty lock release [integrity check]
2022-10-17 14:16:39,847 [INFO] IntegrityCheckThread:84 - entering critical section [integrity check]
2022-10-17 14:16:39,846 [INFO] PluginManage:356 - Loaded plugin thirdparty (category:base,tabindex:-1)
2022-10-17 14:16:39,847 [INFO] PluginManage:307 - Check plugin tools
2022-10-17 14:16:39,848 [INFO] ThirdPartyUpdaterWithRetryManager:70 - Updater plugin not ready yet. [1/15]
2022-10-17 14:16:39,862 [INFO] PluginManage:356 - Loaded plugin tools (category:base,tabindex:7)
2022-10-17 14:16:39,862 [INFO] PluginManage:307 - Check plugin tutovideos
2022-10-17 14:16:40,172 [INFO] PluginManage:356 - Loaded plugin tutovideos (category:base,tabindex:-1)
2022-10-17 14:16:40,172 [INFO] PluginManage:307 - Check plugin updater
2022-10-17 14:16:40,216 [INFO] PluginManage:356 - Loaded plugin updater (category:base,tabindex:12)
2022-10-17 14:16:40,216 [INFO] PluginManage:280 - PluginManage : Loaded plugins [15]
2022-10-17 14:16:40,510 [INFO] PinOutPanel:1468 - setPackage(No Configuration,No Configuration)
2022-10-17 14:16:40,602 [INFO] CADModel:98 - CPN selected for project level
2022-10-17 14:16:40,647 [INFO] IPUIPlugin:79 - create IPUIPlugin
2022-10-17 14:16:40,648 [INFO] PluginManager:217 - loadIPPluginJar : add adc
2022-10-17 14:16:40,666 [INFO] IPUIPlugin:79 - create IPUIPlugin
2022-10-17 14:16:40,667 [INFO] PluginManager:217 - loadIPPluginJar : add aes
2022-10-17 14:16:40,671 [INFO] IPUIPlugin:79 - create IPUIPlugin
2022-10-17 14:16:40,672 [INFO] PluginManager:217 - loadIPPluginJar : add can
2022-10-17 14:16:40,702 [INFO] IPUIPlugin:79 - create IPUIPlugin
2022-10-17 14:16:40,703 [INFO] PluginManager:217 - loadIPPluginJar : add comp
2022-10-17 14:16:40,712 [INFO] IPUIPlugin:79 - create IPUIPlugin
2022-10-17 14:16:40,712 [INFO] PluginManager:217 - loadIPPluginJar : add cryp
2022-10-17 14:16:40,721 [INFO] IPUIPlugin:79 - create IPUIPlugin
2022-10-17 14:16:40,721 [INFO] PluginManager:217 - loadIPPluginJar : add dfsdm
2022-10-17 14:16:40,746 [INFO] IPUIPlugin:79 - create IPUIPlugin
2022-10-17 14:16:40,748 [INFO] PluginManager:217 - loadIPPluginJar : add dma
2022-10-17 14:16:40,774 [INFO] IPUIPlugin:79 - create IPUIPlugin
2022-10-17 14:16:40,775 [INFO] PluginManager:217 - loadIPPluginJar : add dma3
2022-10-17 14:16:40,779 [INFO] IPUIPlugin:79 - create IPUIPlugin
2022-10-17 14:16:40,780 [INFO] PluginManager:217 - loadIPPluginJar : add fatfs
2022-10-17 14:16:40,788 [INFO] IPUIPlugin:79 - create IPUIPlugin
2022-10-17 14:16:40,788 [INFO] PluginManager:217 - loadIPPluginJar : add fmc
2022-10-17 14:16:40,824 [INFO] IPUIPlugin:79 - create IPUIPlugin
2022-10-17 14:16:40,824 [INFO] PluginManager:217 - loadIPPluginJar : add freertos
2022-10-17 14:16:40,848 [INFO] IPUIPlugin:79 - create IPUIPlugin
2022-10-17 14:16:40,849 [INFO] PluginManager:217 - loadIPPluginJar : add genericplugin
2022-10-17 14:16:40,856 [INFO] IPUIPlugin:79 - create IPUIPlugin
2022-10-17 14:16:40,857 [INFO] PluginManager:217 - loadIPPluginJar : add gfxmmu
2022-10-17 14:16:40,867 [INFO] IPUIPlugin:79 - create IPUIPlugin
2022-10-17 14:16:40,868 [INFO] PluginManager:217 - loadIPPluginJar : add gic
2022-10-17 14:16:40,874 [INFO] IPUIPlugin:79 - create IPUIPlugin
2022-10-17 14:16:40,875 [INFO] PluginManager:217 - loadIPPluginJar : add gpio
2022-10-17 14:16:40,880 [INFO] IPUIPlugin:79 - create IPUIPlugin
2022-10-17 14:16:40,880 [INFO] PluginManager:217 - loadIPPluginJar : add gtzc
2022-10-17 14:16:40,883 [INFO] IPUIPlugin:79 - create IPUIPlugin
2022-10-17 14:16:40,884 [INFO] PluginManager:217 - loadIPPluginJar : add hash
2022-10-17 14:16:40,887 [INFO] IPUIPlugin:79 - create IPUIPlugin
2022-10-17 14:16:40,887 [INFO] PluginManager:217 - loadIPPluginJar : add i2c
2022-10-17 14:16:40,890 [INFO] IPUIPlugin:79 - create IPUIPlugin
2022-10-17 14:16:40,890 [INFO] PluginManager:217 - loadIPPluginJar : add i2s
2022-10-17 14:16:40,904 [INFO] IPUIPlugin:79 - create IPUIPlugin
2022-10-17 14:16:40,904 [INFO] PluginManager:217 - loadIPPluginJar : add ipddr
2022-10-17 14:16:40,911 [INFO] IPUIPlugin:79 - create IPUIPlugin
2022-10-17 14:16:40,911 [INFO] PluginManager:217 - loadIPPluginJar : add linkedlist
2022-10-17 14:16:40,915 [INFO] IPUIPlugin:79 - create IPUIPlugin
2022-10-17 14:16:40,915 [INFO] PluginManager:217 - loadIPPluginJar : add lorawan
2022-10-17 14:16:40,917 [INFO] IPUIPlugin:79 - create IPUIPlugin
2022-10-17 14:16:40,917 [INFO] PluginManager:217 - loadIPPluginJar : add ltdc
2022-10-17 14:16:40,927 [INFO] IPUIPlugin:79 - create IPUIPlugin
2022-10-17 14:16:40,927 [INFO] PluginManager:217 - loadIPPluginJar : add mdma
2022-10-17 14:16:40,932 [INFO] IPUIPlugin:79 - create IPUIPlugin
2022-10-17 14:16:40,932 [INFO] PluginManager:217 - loadIPPluginJar : add nvic
2022-10-17 14:16:40,935 [INFO] IPUIPlugin:79 - create IPUIPlugin
2022-10-17 14:16:40,936 [INFO] PluginManager:217 - loadIPPluginJar : add opamp
2022-10-17 14:16:40,940 [INFO] IPUIPlugin:79 - create IPUIPlugin
2022-10-17 14:16:40,940 [INFO] PluginManager:217 - loadIPPluginJar : add openamp
2022-10-17 14:16:40,947 [INFO] IPUIPlugin:79 - create IPUIPlugin
2022-10-17 14:16:40,947 [INFO] PluginManager:217 - loadIPPluginJar : add pdm2pcm
2022-10-17 14:16:40,953 [INFO] IPUIPlugin:79 - create IPUIPlugin
2022-10-17 14:16:40,956 [INFO] PluginManager:217 - loadIPPluginJar : add plateformsettings
2022-10-17 14:16:40,975 [INFO] IPUIPlugin:79 - create IPUIPlugin
2022-10-17 14:16:40,976 [INFO] PluginManager:217 - loadIPPluginJar : add quadspi
2022-10-17 14:16:40,983 [INFO] IPUIPlugin:79 - create IPUIPlugin
2022-10-17 14:16:40,983 [INFO] PluginManager:217 - loadIPPluginJar : add resmgrutility
2022-10-17 14:16:41,024 [INFO] IPUIPlugin:79 - create IPUIPlugin
2022-10-17 14:16:41,024 [INFO] PluginManager:217 - loadIPPluginJar : add sai
2022-10-17 14:16:41,042 [INFO] IPUIPlugin:79 - create IPUIPlugin
2022-10-17 14:16:41,042 [INFO] PluginManager:217 - loadIPPluginJar : add spi
2022-10-17 14:16:41,050 [INFO] IPUIPlugin:79 - create IPUIPlugin
2022-10-17 14:16:41,051 [INFO] PluginManager:217 - loadIPPluginJar : add stm32_wpan
2022-10-17 14:16:41,078 [INFO] IPUIPlugin:79 - create IPUIPlugin
2022-10-17 14:16:41,078 [INFO] PluginManager:217 - loadIPPluginJar : add tim
2022-10-17 14:16:41,123 [INFO] IPUIPlugin:79 - create IPUIPlugin
2022-10-17 14:16:41,124 [INFO] PluginManager:217 - loadIPPluginJar : add touchsensing
2022-10-17 14:16:41,132 [INFO] IPUIPlugin:79 - create IPUIPlugin
2022-10-17 14:16:41,133 [INFO] PluginManager:217 - loadIPPluginJar : add tracer_emb
2022-10-17 14:16:41,138 [INFO] IPUIPlugin:79 - create IPUIPlugin
2022-10-17 14:16:41,138 [INFO] PluginManager:217 - loadIPPluginJar : add ts
2022-10-17 14:16:41,140 [INFO] IPUIPlugin:79 - create IPUIPlugin
2022-10-17 14:16:41,140 [INFO] PluginManager:217 - loadIPPluginJar : add tsc
2022-10-17 14:16:41,142 [INFO] IPUIPlugin:79 - create IPUIPlugin
2022-10-17 14:16:41,142 [INFO] PluginManager:217 - loadIPPluginJar : add ucpd
2022-10-17 14:16:41,146 [INFO] IPUIPlugin:79 - create IPUIPlugin
2022-10-17 14:16:41,146 [INFO] PluginManager:217 - loadIPPluginJar : add usart
2022-10-17 14:16:41,150 [INFO] IPUIPlugin:79 - create IPUIPlugin
2022-10-17 14:16:41,150 [INFO] PluginManager:217 - loadIPPluginJar : add usbx
2022-10-17 14:16:41,544 [FATAL] Updater:301 - Updater called before beeing initialized
2022-10-17 14:16:41,681 [FATAL] Updater:301 - Updater called before beeing initialized
2022-10-17 14:16:41,694 [INFO] DbMcusAds:52 - JSON generation date=Thu Sep 30 08:55:09 CAT 2021 (1632984909247)
2022-10-17 14:16:41,695 [FATAL] Updater:301 - Updater called before beeing initialized
2022-10-17 14:16:41,861 [WARN] DetailPanel:344 - Failed to get advertising image, set to default
2022-10-17 14:16:41,990 [FATAL] Updater:301 - Updater called before beeing initialized
2022-10-17 14:16:41,993 [FATAL] Updater:301 - Updater called before beeing initialized
2022-10-17 14:16:41,993 [FATAL] Updater:301 - Updater called before beeing initialized
2022-10-17 14:16:41,993 [WARN] DetailPanel:344 - Failed to get advertising image, set to default
2022-10-17 14:16:41,994 [FATAL] Updater:301 - Updater called before beeing initialized
2022-10-17 14:16:42,079 [ERROR] Updater:1105 - MainUpdater not yet initialized. External WinMGr cannot be set.
2022-10-17 14:16:42,083 [INFO] Updater:1041 - Updater Version found : 6.6.1
2022-10-17 14:16:42,108 [INFO] ApplicationProperties:181 - Using Application install path: E:\ST\STM32CubeIDE_1.9.0\STM32CubeIDE\plugins\com.st.stm32cube.common.mx_6.6.1.202207061420
2022-10-17 14:16:42,206 [INFO] MainUpdater:2768 - connection check result : 10
2022-10-17 14:16:42,206 [INFO] MainUpdater:3453 - Updater definition file requires update
2022-10-17 14:16:42,207 [INFO] MainUpdater:280 - Updater Check For Update Now.
2022-10-17 14:16:42,209 [INFO] MicroXplorer:481 - Change Database Version : DB.6.0.60
2022-10-17 14:16:42,341 [INFO] ServerAccessManage:474 - Download File updaters.zip
2022-10-17 14:16:42,389 [INFO] FileExtend:239 - Unzip File : updaters.zip
2022-10-17 14:16:42,389 [INFO] FileExtend:254 - Standard Zip Deflate
2022-10-17 14:16:42,719 [INFO] ServerAccessManage:474 - Download File PacksControlFlags.xml
2022-10-17 14:16:42,850 [WARN] MainUpdater:1184 - Updater busy. Cannot search thirdparties
2022-10-17 14:16:42,850 [INFO] ThirdPartyUpdaterWithRetryManager:96 - Updater plugin is busy. [1/15]
2022-10-17 14:16:43,013 [INFO] ServerAccessManage:474 - Download File cubemx.pidx
2022-10-17 14:16:43,976 [INFO] ServerAccessManage:474 - Download File STMicroelectronics.FP-ATR-SIGFOX1.pdsc
2022-10-17 14:16:44,802 [INFO] ServerAccessManage:474 - Download File STMicroelectronics.X-CUBE-BLEMGR.pdsc
2022-10-17 14:16:45,374 [WARN] PackLoader:242 - Cannot read IP mode file for STMicroelectronics.FP-ATR-SIGFOX1.3.2.0
2022-10-17 14:16:45,385 [WARN] PackLoader:242 - Cannot read IP mode file for STMicroelectronics.X-CUBE-BLEMGR.1.2.0
2022-10-17 14:16:45,386 [INFO] PopulateThirdPartyThread:64 - Ending populate Thread
2022-10-17 14:16:45,388 [INFO] ThirdParty:981 - CMSIS Pack Vendor :STMicroelectronics FP-ATR-SIGFOX1 3.2.0
2022-10-17 14:16:45,388 [INFO] ThirdParty:981 - CMSIS Pack Vendor :STMicroelectronics X-CUBE-BLEMGR 1.2.0
2022-10-17 14:16:45,388 [INFO] LoadServerUpdatesThread:367 - End of LoadServerUpdate Thread
2022-10-17 14:16:45,457 [INFO] CheckServerUpdateThread:119 - End of CheckServer Thread
2022-10-17 14:16:45,519 [INFO] MainUpdater:2768 - connection check result : 10
2022-10-17 14:16:45,521 [INFO] MainUpdater:2768 - connection check result : 10
2022-10-17 14:16:45,772 [INFO] MicroXplorer:451 - Change Database Path : 
2022-10-17 14:16:45,772 [INFO] MicroXplorer:481 - Change Database Version : DB.6.0.60
2022-10-17 14:16:45,773 [WARN] ThirdParty:827 - waiting for thirdparty lock release [close project]
2022-10-17 14:16:46,069 [WARN] PackLoader:242 - Cannot read IP mode file for STMicroelectronics.X-CUBE-GNSS1.6.0.0
2022-10-17 14:16:46,105 [WARN] PackLoader:242 - Cannot read IP mode file for STMicroelectronics.X-CUBE-AZRTOS-F4.1.1.0
2022-10-17 14:16:46,172 [WARN] PackLoader:242 - Cannot read IP mode file for STMicroelectronics.X-CUBE-MEMS1.9.2.0
2022-10-17 14:16:46,313 [WARN] PackLoader:242 - Cannot read IP mode file for STMicroelectronics.X-CUBE-BLEMGR.1.2.0
2022-10-17 14:16:46,334 [WARN] PackLoader:242 - Cannot read IP mode file for STMicroelectronics.X-CUBE-AZRTOS-F7.1.1.0
2022-10-17 14:16:46,341 [WARN] PackLoader:242 - Cannot read IP mode file for STMicroelectronics.X-CUBE-AI.7.1.0
2022-10-17 14:16:46,344 [WARN] PackLoader:242 - Cannot read IP mode file for STMicroelectronics.X-CUBE-TOUCHGFX.4.19.1
2022-10-17 14:16:46,350 [WARN] PackLoader:242 - Cannot read IP mode file for STMicroelectronics.X-CUBE-BLE1.6.2.3
2022-10-17 14:16:46,356 [WARN] PackLoader:242 - Cannot read IP mode file for STMicroelectronics.X-CUBE-NFC4.2.0.4
2022-10-17 14:16:46,362 [WARN] PackLoader:242 - Cannot read IP mode file for STMicroelectronics.X-CUBE-BLE2.3.2.2
2022-10-17 14:16:46,372 [WARN] PackLoader:242 - Cannot read IP mode file for STMicroelectronics.X-CUBE-TOF1.3.1.0
2022-10-17 14:16:46,385 [WARN] PackLoader:242 - Cannot read IP mode file for STMicroelectronics.X-CUBE-SFXS2LP1.3.1.0
2022-10-17 14:16:46,400 [WARN] PackLoader:242 - Cannot read IP mode file for STMicroelectronics.X-CUBE-AZRTOS-F4.1.0.0
2022-10-17 14:16:46,407 [WARN] PackLoader:242 - Cannot read IP mode file for STMicroelectronics.X-CUBE-NFC7.1.0.0
2022-10-17 14:16:46,446 [WARN] PackLoader:242 - Cannot read IP mode file for STMicroelectronics.X-CUBE-MEMS1.9.3.0
2022-10-17 14:16:46,559 [WARN] PackLoader:242 - Cannot read IP mode file for STMicroelectronics.X-CUBE-AI.7.2.0
2022-10-17 14:16:46,576 [WARN] PackLoader:242 - Cannot read IP mode file for STMicroelectronics.X-CUBE-AZRTOS-G0.1.0.0
2022-10-17 14:16:46,585 [WARN] PackLoader:242 - Cannot read IP mode file for STMicroelectronics.X-CUBE-SFXS2LP1.4.0.0
2022-10-17 14:16:46,590 [WARN] PackLoader:242 - Cannot read IP mode file for STMicroelectronics.X-CUBE-BLE2.3.3.0
2022-10-17 14:16:46,601 [WARN] PackLoader:242 - Cannot read IP mode file for STMicroelectronics.X-CUBE-DISPLAY.2.2.0
2022-10-17 14:16:46,608 [WARN] PackLoader:242 - Cannot read IP mode file for STMicroelectronics.X-CUBE-ISPU.1.0.0
2022-10-17 14:16:46,616 [WARN] PackLoader:242 - Cannot read IP mode file for RoweBots.I-CUBE-UNISONRTOS.5.5.0-4
2022-10-17 14:16:46,634 [WARN] PackLoader:242 - Cannot read IP mode file for STMicroelectronics.X-CUBE-AZRTOS-H7.2.1.0
2022-10-17 14:16:46,643 [WARN] PackLoader:242 - Cannot read IP mode file for STMicroelectronics.X-CUBE-BLEMGR.1.0.0
2022-10-17 14:16:46,651 [WARN] PackLoader:242 - Cannot read IP mode file for STMicroelectronics.X-CUBE-ALGOBUILD.1.3.0
2022-10-17 14:16:46,668 [WARN] PackLoader:242 - Cannot read IP mode file for STMicroelectronics.X-CUBE-AZRTOS-G0.1.1.0
2022-10-17 14:16:46,682 [WARN] PackLoader:242 - Cannot read IP mode file for STMicroelectronics.X-CUBE-SUBG2.5.0.0
2022-10-17 14:16:46,727 [WARN] PackLoader:242 - Cannot read IP mode file for SEGGER.I-CUBE-embOS.1.2.0
2022-10-17 14:16:46,760 [WARN] PackLoader:242 - Cannot read IP mode file for STMicroelectronics.FP-ATR-ASTRA1.1.1.1
2022-10-17 14:16:46,772 [WARN] PackLoader:242 - Cannot read IP mode file for STMicroelectronics.X-CUBE-AZRTOS-G4.1.0.0
2022-10-17 14:16:46,776 [WARN] PackLoader:242 - Cannot read IP mode file for STMicroelectronics.FP-ATR-SIGFOX1.3.2.0
2022-10-17 14:16:46,781 [WARN] PackLoader:242 - Cannot read IP mode file for wolfSSL.I-CUBE-wolfSSL.5.3.0
2022-10-17 14:16:46,807 [WARN] PackLoader:242 - Cannot read IP mode file for STMicroelectronics.X-CUBE-AZRTOS-L4.1.0.0
2022-10-17 14:16:46,817 [WARN] PackLoader:242 - Cannot read IP mode file for emotas.I-CUBE-CANOPEN.1.1.2
2022-10-17 14:16:46,821 [WARN] PackLoader:242 - Cannot read IP mode file for STMicroelectronics.X-CUBE-TOUCHGFX.4.20.0
2022-10-17 14:16:46,833 [WARN] PackLoader:242 - Cannot read IP mode file for STMicroelectronics.X-CUBE-AZRTOS-F7.1.0.0
2022-10-17 14:16:46,843 [WARN] PackLoader:242 - Cannot read IP mode file for STMicroelectronics.X-CUBE-AZRTOS-WL.1.0.0
2022-10-17 14:16:46,849 [WARN] PackLoader:242 - Cannot read IP mode file for portGmbH.I-Cube-SoM-uGOAL.1.1.0
2022-10-17 14:16:46,853 [WARN] PackLoader:242 - Cannot read IP mode file for STMicroelectronics.X-CUBE-ALS.1.0.1
2022-10-17 14:16:46,869 [WARN] PackLoader:242 - Cannot read IP mode file for STMicroelectronics.X-CUBE-AZRTOS-L5.1.0.0
2022-10-17 14:16:46,877 [WARN] PackLoader:242 - Cannot read IP mode file for STMicroelectronics.X-CUBE-EEPRMA1.3.1.1
2022-10-17 14:16:46,882 [WARN] PackLoader:242 - Cannot read IP mode file for STMicroelectronics.X-CUBE-GNSS1.5.2.0
2022-10-17 14:16:46,889 [WARN] PackLoader:242 - Cannot read IP mode file for STMicroelectronics.X-CUBE-TOF1.3.0.0
2022-10-17 14:16:46,892 [INFO] ThirdParty:929 - Integrity check success = true
2022-10-17 14:16:46,892 [INFO] IntegrityCheckThread:98 - exiting critical section [integrity check]
2022-10-17 14:16:46,892 [INFO] IntegrityCheckThread:101 - End integrity checks thread
2022-10-17 14:16:46,892 [INFO] ThirdParty:829 - entering critical section [close project]
2022-10-17 14:16:46,893 [INFO] ThirdParty:839 - exiting critical section [close project]
2022-10-17 14:16:46,897 [INFO] PinOutPanel:1468 - setPackage(No Configuration,No Configuration)
2022-10-17 14:16:46,902 [INFO] UtilMem:74 - Begin LoadConfig() Used Memory: 194160680 Bytes (495976448)
2022-10-17 14:16:46,906 [INFO] MicroXplorer:451 - Change Database Path : C:/Users/gamin/.stm32cubemx/databases/DB.6.0.50/db/
2022-10-17 14:16:46,906 [INFO] MicroXplorer:481 - Change Database Version : DB.6.0.50
2022-10-17 14:16:48,927 [INFO] OpenFileManager:307 - Change cursor
2022-10-17 14:16:48,984 [INFO] Mcu:1922 - Initializing MCU STM32F051R8Tx STM32F051R8Tx STM32F051R8T6
2022-10-17 14:16:50,046 [INFO] Context:654 - Trying to add GPIOservice into a context  which must be forbidden
2022-10-17 14:16:50,480 [WARN] ApiManager:308 - Cannot register API 'Board Extension:GNSS1A1' from pack STMicroelectronics.X-CUBE-GNSS1.6.0.0: no header file found
2022-10-17 14:16:50,480 [WARN] ApiManager:308 - Cannot register API 'Board Support:Custom' from pack STMicroelectronics.X-CUBE-GNSS1.6.0.0: no header file found
2022-10-17 14:16:50,480 [WARN] ApiManager:308 - Cannot register API 'Data Exchange:lib_gnss' from pack STMicroelectronics.X-CUBE-GNSS1.6.0.0: no header file found
2022-10-17 14:16:50,586 [WARN] ApiManager:308 - Cannot register API 'Board Extension:IKS01A3' from pack STMicroelectronics.X-CUBE-MEMS1.9.2.0: no header file found
2022-10-17 14:16:50,587 [WARN] ApiManager:308 - Cannot register API 'Board Extension:IKS01A2' from pack STMicroelectronics.X-CUBE-MEMS1.9.2.0: no header file found
2022-10-17 14:16:50,587 [WARN] ApiManager:308 - Cannot register API 'Board Extension:IKS02A1' from pack STMicroelectronics.X-CUBE-MEMS1.9.2.0: no header file found
2022-10-17 14:16:50,597 [WARN] ApiManager:308 - Cannot register API 'Wireless:BlueNRG-MS' from pack STMicroelectronics.X-CUBE-BLE1.6.2.3: no header file found
2022-10-17 14:16:50,607 [INFO] RtosManager:488 - Registered RTOS mode: class=CMSIS, group=RTOS, mode=CMSIS_V1, owner=FREERTOS
2022-10-17 14:16:50,607 [INFO] RtosManager:488 - Registered RTOS mode: class=CMSIS, group=RTOS2, mode=CMSIS_V2, owner=FREERTOS
2022-10-17 14:16:50,607 [INFO] RtosManager:488 - Registered RTOS mode: class=RTOS, group=Core, mode=CMSIS_V1, owner=FREERTOS
2022-10-17 14:16:50,607 [INFO] RtosManager:488 - Registered RTOS mode: class=RTOS, group=Core, mode=CMSIS_V2, owner=FREERTOS
2022-10-17 14:16:50,608 [WARN] ModelIntegratedComponent:185 - Missing modes for component STMicroelectronics:FreeRTOS:0.0.1:STMicroelectronics:RTOS:FreeRTOS:Core:::10.2.0:
2022-10-17 14:16:50,610 [WARN] ApiManager:308 - Cannot register API 'Board Extension:S2868A1' from pack STMicroelectronics.X-CUBE-SUBG2.5.0.0: no header file found
2022-10-17 14:16:50,611 [WARN] ApiManager:308 - Cannot register API 'Board Extension:S2868A2' from pack STMicroelectronics.X-CUBE-SUBG2.5.0.0: no header file found
2022-10-17 14:16:50,611 [WARN] ApiManager:308 - Cannot register API 'Board Extension:S2915A1' from pack STMicroelectronics.X-CUBE-SUBG2.5.0.0: no header file found
2022-10-17 14:16:50,615 [WARN] ApiManager:308 - Cannot register API 'Board Extension:NFC04A1' from pack STMicroelectronics.X-CUBE-NFC4.2.0.4: no header file found
2022-10-17 14:16:50,616 [WARN] ApiManager:308 - Cannot register API 'Wireless:BlueNRG-2' from pack STMicroelectronics.X-CUBE-BLE2.3.2.2: no header file found
2022-10-17 14:16:50,619 [WARN] ApiManager:308 - Cannot register API 'Board Extension:S2868A1' from pack STMicroelectronics.X-CUBE-SFXS2LP1.3.1.0: no header file found
2022-10-17 14:16:50,619 [WARN] ApiManager:308 - Cannot register API 'Board Extension:S2868A2' from pack STMicroelectronics.X-CUBE-SFXS2LP1.3.1.0: no header file found
2022-10-17 14:16:50,619 [WARN] ApiManager:308 - Cannot register API 'Board Extension:S2915A1' from pack STMicroelectronics.X-CUBE-SFXS2LP1.3.1.0: no header file found
2022-10-17 14:16:50,624 [WARN] ModelIntegratedComponent:64 - No mode defined for component null
2022-10-17 14:16:50,624 [WARN] ModelIntegratedComponent:64 - No mode defined for component null
2022-10-17 14:16:50,625 [WARN] ModelIntegratedComponent:64 - No mode defined for component null
2022-10-17 14:16:50,625 [WARN] ModelIntegratedComponent:64 - No mode defined for component null
2022-10-17 14:16:50,625 [WARN] ModelIntegratedComponent:64 - No mode defined for component null
2022-10-17 14:16:50,625 [WARN] ModelIntegratedComponent:64 - No mode defined for component null
2022-10-17 14:16:50,625 [WARN] ModelIntegratedComponent:64 - No mode defined for component null
2022-10-17 14:16:50,625 [WARN] ModelIntegratedComponent:64 - No mode defined for component null
2022-10-17 14:16:50,625 [WARN] ModelIntegratedComponent:64 - No mode defined for component null
2022-10-17 14:16:50,625 [WARN] ModelIntegratedComponent:64 - No mode defined for component null
2022-10-17 14:16:50,626 [WARN] ModelIntegratedComponent:64 - No mode defined for component null
2022-10-17 14:16:50,626 [WARN] ModelIntegratedComponent:64 - No mode defined for component null
2022-10-17 14:16:50,626 [WARN] ModelIntegratedComponent:64 - No mode defined for component null
2022-10-17 14:16:50,626 [WARN] ModelIntegratedComponent:64 - No mode defined for component null
2022-10-17 14:16:50,626 [WARN] ModelIntegratedComponent:64 - No mode defined for component null
2022-10-17 14:16:50,626 [WARN] ModelIntegratedComponent:64 - No mode defined for component null
2022-10-17 14:16:50,626 [WARN] ModelIntegratedComponent:64 - No mode defined for component null
2022-10-17 14:16:50,626 [WARN] ModelIntegratedComponent:64 - No mode defined for component null
2022-10-17 14:16:50,626 [WARN] ModelIntegratedComponent:64 - No mode defined for component null
2022-10-17 14:16:50,626 [WARN] ModelIntegratedComponent:64 - No mode defined for component null
2022-10-17 14:16:50,627 [WARN] ModelIntegratedComponent:64 - No mode defined for component null
2022-10-17 14:16:50,627 [WARN] ModelIntegratedComponent:64 - No mode defined for component null
2022-10-17 14:16:50,627 [WARN] ModelIntegratedComponent:64 - No mode defined for component null
2022-10-17 14:16:50,627 [WARN] ModelIntegratedComponent:64 - No mode defined for component null
2022-10-17 14:16:50,627 [WARN] ModelIntegratedComponent:64 - No mode defined for component null
2022-10-17 14:16:50,627 [WARN] ModelIntegratedComponent:64 - No mode defined for component null
2022-10-17 14:16:50,627 [WARN] ModelIntegratedComponent:64 - No mode defined for component null
2022-10-17 14:16:50,627 [WARN] ModelIntegratedComponent:64 - No mode defined for component null
2022-10-17 14:16:50,627 [WARN] ModelIntegratedComponent:64 - No mode defined for component null
2022-10-17 14:16:50,627 [WARN] ModelIntegratedComponent:64 - No mode defined for component null
2022-10-17 14:16:50,627 [WARN] ModelIntegratedComponent:64 - No mode defined for component null
2022-10-17 14:16:50,628 [WARN] ModelIntegratedComponent:64 - No mode defined for component null
2022-10-17 14:16:50,628 [WARN] ModelIntegratedComponent:64 - No mode defined for component null
2022-10-17 14:16:50,629 [WARN] ApiManager:308 - Cannot register API 'Board Extension:NFC07A1' from pack STMicroelectronics.X-CUBE-NFC7.1.0.0: no header file found
2022-10-17 14:16:50,681 [WARN] ApiManager:308 - Cannot register API 'Board Extension:IKS01A3' from pack STMicroelectronics.X-CUBE-MEMS1.9.3.0: no header file found
2022-10-17 14:16:50,681 [WARN] ApiManager:308 - Cannot register API 'Board Extension:IKS01A2' from pack STMicroelectronics.X-CUBE-MEMS1.9.3.0: no header file found
2022-10-17 14:16:50,681 [WARN] ApiManager:308 - Cannot register API 'Board Extension:IKS02A1' from pack STMicroelectronics.X-CUBE-MEMS1.9.3.0: no header file found
2022-10-17 14:16:50,689 [WARN] ApiManager:308 - Cannot register API 'Board Extension:EEPRMA1' from pack STMicroelectronics.X-CUBE-EEPRMA1.3.1.1: no header file found
2022-10-17 14:16:50,689 [WARN] ApiManager:308 - Cannot register API 'Board Extension:EEPRMA2' from pack STMicroelectronics.X-CUBE-EEPRMA1.3.1.1: no header file found
2022-10-17 14:16:50,690 [WARN] ApiManager:308 - Cannot register API 'Board Extension:GNSS1A1' from pack STMicroelectronics.X-CUBE-GNSS1.5.2.0: no header file found
2022-10-17 14:16:50,690 [WARN] ApiManager:308 - Cannot register API 'Board Support:Custom' from pack STMicroelectronics.X-CUBE-GNSS1.5.2.0: no header file found
2022-10-17 14:16:50,690 [WARN] ApiManager:308 - Cannot register API 'Data Exchange:lib_gnss' from pack STMicroelectronics.X-CUBE-GNSS1.5.2.0: no header file found
2022-10-17 14:16:50,691 [WARN] ApiManager:308 - Cannot register API 'Board Extension:S2868A1' from pack STMicroelectronics.X-CUBE-SFXS2LP1.4.0.0: no header file found
2022-10-17 14:16:50,691 [WARN] ApiManager:308 - Cannot register API 'Board Extension:S2868A2' from pack STMicroelectronics.X-CUBE-SFXS2LP1.4.0.0: no header file found
2022-10-17 14:16:50,691 [WARN] ApiManager:308 - Cannot register API 'Board Extension:S2915A1' from pack STMicroelectronics.X-CUBE-SFXS2LP1.4.0.0: no header file found
2022-10-17 14:16:50,692 [WARN] ApiManager:308 - Cannot register API 'Wireless:BlueNRG-2' from pack STMicroelectronics.X-CUBE-BLE2.3.3.0: no header file found
2022-10-17 14:16:50,703 [INFO] ThirdPartyModel:289 - Start build external matchings
2022-10-17 14:16:51,038 [INFO] ThirdPartyModel:302 - End build external matchings
2022-10-17 14:16:51,072 [INFO] ImportTextPane:193 - (OptionalMessage_ERROR) IP (DMA) : Parameter (Instance) has Id (TIM2_CH1) currently not set
2022-10-17 14:16:51,072 [INFO] ImportTextPane:193 - (OptionalMessage_ERROR) IP (DMA) : Parameter (Direction) has Id (TIM2_CH1) currently not set
2022-10-17 14:16:51,073 [INFO] ImportTextPane:193 - (OptionalMessage_ERROR) IP (DMA) : Parameter (PeriphInc) has Id (TIM2_CH1) currently not set
2022-10-17 14:16:51,073 [INFO] ImportTextPane:193 - (OptionalMessage_ERROR) IP (DMA) : Parameter (MemInc) has Id (TIM2_CH1) currently not set
2022-10-17 14:16:51,073 [INFO] ImportTextPane:193 - (OptionalMessage_ERROR) IP (DMA) : Parameter (PeriphDataAlignment) has Id (TIM2_CH1) currently not set
2022-10-17 14:16:51,073 [INFO] ImportTextPane:193 - (OptionalMessage_ERROR) IP (DMA) : Parameter (MemDataAlignment) has Id (TIM2_CH1) currently not set
2022-10-17 14:16:51,073 [INFO] ImportTextPane:193 - (OptionalMessage_ERROR) IP (DMA) : Parameter (Mode) has Id (TIM2_CH1) currently not set
2022-10-17 14:16:51,074 [INFO] ImportTextPane:193 - (OptionalMessage_ERROR) IP (DMA) : Parameter (Priority) has Id (TIM2_CH1) currently not set
2022-10-17 14:16:51,075 [INFO] ImportTextPane:193 - (OptionalMessage_ERROR) IP (RCC) : Invalid parameter (FamilyName)
2022-10-17 14:16:51,075 [INFO] ImportTextPane:193 - (OptionalMessage_ERROR) IP (RCC) : Invalid parameter (HSICECFreq_Value)
2022-10-17 14:16:51,359 [INFO] UtilMem:74 - End LoadConfig() Used Memory: 206382688 Bytes (495976448)
2022-10-17 14:16:51,792 [INFO] ApiDb:576 - Connected to CubeFinder SQLite database (C:\Users\gamin\.stmcufinder\plugins\mcufinder\mcu\cube-finder-db.db)
2022-10-17 14:16:51,859 [INFO] ApiDb:663 - CubeFinder database Data Model version=2.1
2022-10-17 14:16:51,859 [INFO] ApiDb:664 - CubeFinder database Configuration version=3.0.32
2022-10-17 14:16:51,860 [INFO] ApiDb:665 - CubeFinder database generation date=2022-06-13 (1655129059)
2022-10-17 14:16:51,860 [INFO] ApiDb:666 - CubeFinder database FW Pack versions=[STM32Cube_FW_C0_V1.0.0, STM32Cube_FW_F4_V1.27.0, STM32Cube_FW_F7_V1.17.0, STM32Cube_FW_G0_V1.6.0, STM32Cube_FW_G4_V1.5.0, STM32Cube_FW_H7_V1.10.0, STM32Cube_FW_L5_V1.4.0, STM32Cube_FW_U5_V1.1.1, STM32Cube_FW_WB_V1.14.0, STM32Cube_FW_WL_V1.2.0, X-CUBE-ALGOBUILD_V1.3.0, X-CUBE-ALS_V1.0.1, X-CUBE-AZRTOS-F4_V1.0.0, X-CUBE-AZRTOS-F7_V1.0.0, X-CUBE-AZRTOS-G0_V1.0.0, X-CUBE-AZRTOS-G4_V1.0.0, X-CUBE-AZRTOS-H7_V2.1.0, X-CUBE-AZRTOS-L4_V1.0.0, X-CUBE-AZRTOS-L5_V1.0.0, X-CUBE-AZRTOS-WL_V1.0.0, X-CUBE-BLE1_V6.2.3, X-CUBE-BLE2_V3.3.0, X-CUBE-EEPRMA1_V3.1.1, X-CUBE-GNSS1_V6.0.0, X-CUBE-MEMS1_V9.1.0, X-CUBE-NFC4_V2.0.3, X-CUBE-NFC7_V1.0.0, X-CUBE-SFXS2LP1_V3.1.0, X-CUBE-SUBG2_V5.0.0]
2022-10-17 14:16:54,839 [INFO] ApiDb:239 - Found 138 in-development CPN: [B-WB1M-WPAN1, NUCLEO-C031C6, STEVAL-STWINBX1, STM320518-EVAL, STM32C0116-DK, STM32C011D6Y3TR, STM32C011D6Y6TR, STM32C011F4P3, STM32C011F4P6, STM32C011F4U3, STM32C011F4U6TR, STM32C011F6P3, STM32C011F6P6, STM32C011F6U3, STM32C011F6U6TR, STM32C011J4M3, STM32C011J4M6, STM32C011J6M3, STM32C011J6M6, STM32C0316-DK, STM32C031C4T3, STM32C031C4T6, STM32C031C4U3, STM32C031C4U6, STM32C031C6T3, STM32C031C6T6, STM32C031C6U3, STM32C031C6U6, STM32C031F4P3, STM32C031F4P6, STM32C031F6P3, STM32C031F6P6, STM32C031G4U3, STM32C031G4U6, STM32C031G6U3, STM32C031G6U6, STM32C031K4T3, STM32C031K4T6, STM32C031K4U3, STM32C031K4U6, STM32C031K6T3, STM32C031K6T6, STM32C031K6U3, STM32C031K6U6, STM32G071K8TXN, STM32G071K8UXN, STM32G081GBU6N, STM32G081KBT6N, STM32G081KBUXN, STM32G0B1CCT6N, STM32G0B1KCT6, STM32G0B1NEY6TR, STM32G0B1RCT6N, STM32G0C1CCT6, STM32G0C1CCT6N, STM32G0C1CCU6N, STM32G0C1CET6N, STM32G0C1CEU6N, STM32G0C1KCT6, STM32G0C1NEY6TR, STM32G0C1RCI6N, STM32G0C1RCT6N, STM32G0C1REI6N, STM32G0C1RET6N, STM32G0C1VCI6, STM32G0C1VEI6, STM32G471CCT6, STM32G471CCU6, STM32G471CET3, STM32G471CET6, STM32G471CEU3, STM32G471CEU6, STM32G471MCT6, STM32G471MET3, STM32G471MET6, STM32G471MEY6TR, STM32G471QCT6, STM32G471QET3, STM32G471RCT6, STM32G471RET3, STM32G471RET6, STM32G471VCH6, STM32G471VCI6, STM32G471VCT6, STM32G471VEH3, STM32G471VEH6, STM32G471VEI3, STM32G471VEI6, STM32G471VET3, STM32G471VET6, STM32G474CCT6, STM32L476VGY6PTR, STM32L4R5QGI6STR, STM32MP131AAE3, STM32MP131AAF3, STM32MP131AAG3, STM32MP131CAE3, STM32MP131CAF3, STM32MP131CAG3, STM32MP131DAE7, STM32MP131DAF7, STM32MP131DAG7, STM32MP131FAE7, STM32MP131FAF7, STM32MP131FAG7, STM32MP133AAE3, STM32MP133AAF3, STM32MP133AAG3, STM32MP133CAE3, STM32MP133CAF3, STM32MP133CAG3, STM32MP133DAE7, STM32MP133DAF7, STM32MP133DAG7, STM32MP133FAE7, STM32MP133FAF7, STM32MP133FAG7, STM32MP135AAE3, STM32MP135AAF3, STM32MP135AAG3, STM32MP135CAE3, STM32MP135CAF3, STM32MP135CAG3, STM32MP135DAE7, STM32MP135DAF7, STM32MP135DAG7, STM32MP135F-DK, STM32MP135FAE7, STM32MP135FAF7, STM32MP135FAG7, STM32U595ZJT6Q, STM32U599BJY6QTR, STM32U599NIH6Q, STM32U599NJH6Q, STM32U5A5ZJT6Q, STM32U5A9BJY6QTR, STM32U5A9NJH6Q, STM32WB1MMCH6]
2022-10-17 14:16:54,842 [INFO] DbMcus:215 - Found 3542 MCUs, 3542 are supported
2022-10-17 14:16:54,844 [INFO] ApiDb:418 - Load user favorites file C:\Users\gamin/.stm32cubeide/favorites.mcus.txt: 0 item(s)
2022-10-17 14:16:54,845 [INFO] ApiDb:422 - User favorites MCUs=[]
2022-10-17 14:16:54,845 [INFO] DbMcus:221 - Set 0 / 0 favorites MCUs
2022-10-17 14:16:54,869 [WARN] ThirdParty:789 - waiting for thirdparty lock release [change project]
2022-10-17 14:16:54,869 [INFO] ThirdParty:791 - entering critical section [change project]
2022-10-17 14:16:54,869 [INFO] ThirdParty:981 - CMSIS Pack Vendor :RoweBots I-CUBE-UNISONRTOS 5.5.0-4
2022-10-17 14:16:54,869 [INFO] ThirdParty:981 - CMSIS Pack Vendor :STMicroelectronics X-CUBE-GNSS1 6.0.0
2022-10-17 14:16:54,869 [INFO] ThirdParty:981 - CMSIS Pack Vendor :STMicroelectronics X-CUBE-AZRTOS-H7 2.1.0
2022-10-17 14:16:54,869 [INFO] ThirdParty:981 - CMSIS Pack Vendor :STMicroelectronics USB_HOST 2.0.0
2022-10-17 14:16:54,870 [INFO] ThirdParty:981 - CMSIS Pack Vendor :STMicroelectronics X-CUBE-AZRTOS-F4 1.1.0
2022-10-17 14:16:54,870 [INFO] ThirdParty:981 - CMSIS Pack Vendor :STMicroelectronics LIBJPEG 8.0.0
2022-10-17 14:16:54,870 [INFO] ThirdParty:981 - CMSIS Pack Vendor :STMicroelectronics USB_DEVICE 3.0.0
2022-10-17 14:16:54,870 [INFO] ThirdParty:981 - CMSIS Pack Vendor :STMicroelectronics X-CUBE-BLEMGR 1.0.0
2022-10-17 14:16:54,870 [INFO] ThirdParty:981 - CMSIS Pack Vendor :STMicroelectronics X-CUBE-MEMS1 9.2.0
2022-10-17 14:16:54,870 [INFO] ThirdParty:981 - CMSIS Pack Vendor :STMicroelectronics X-CUBE-BLEMGR 1.2.0
2022-10-17 14:16:54,870 [INFO] ThirdParty:981 - CMSIS Pack Vendor :STMicroelectronics X-CUBE-AZRTOS-F7 1.1.0
2022-10-17 14:16:54,870 [INFO] ThirdParty:981 - CMSIS Pack Vendor :STMicroelectronics USB_DEVICE 2.0.0
2022-10-17 14:16:54,870 [INFO] ThirdParty:981 - CMSIS Pack Vendor :STMicroelectronics X-CUBE-AI 7.1.0
2022-10-17 14:16:54,870 [INFO] ThirdParty:981 - CMSIS Pack Vendor :STMicroelectronics X-CUBE-TOUCHGFX 4.19.1
2022-10-17 14:16:54,870 [INFO] ThirdParty:981 - CMSIS Pack Vendor :STMicroelectronics X-CUBE-BLE1 6.2.3
2022-10-17 14:16:54,871 [INFO] ThirdParty:981 - CMSIS Pack Vendor :STMicroelectronics X-CUBE-ALGOBUILD 1.3.0
2022-10-17 14:16:54,871 [INFO] ThirdParty:981 - CMSIS Pack Vendor :STMicroelectronics FreeRTOS 0.0.1
2022-10-17 14:16:54,871 [INFO] ThirdParty:981 - CMSIS Pack Vendor :STMicroelectronics X-CUBE-AZRTOS-G0 1.1.0
2022-10-17 14:16:54,871 [INFO] ThirdParty:981 - CMSIS Pack Vendor :STMicroelectronics X-CUBE-SUBG2 5.0.0
2022-10-17 14:16:54,871 [INFO] ThirdParty:981 - CMSIS Pack Vendor :SEGGER I-CUBE-embOS 1.2.0
2022-10-17 14:16:54,871 [INFO] ThirdParty:981 - CMSIS Pack Vendor :STMicroelectronics STM32_WPAN 1.0.0
2022-10-17 14:16:54,871 [INFO] ThirdParty:981 - CMSIS Pack Vendor :STMicroelectronics lwIP 2.0.3
2022-10-17 14:16:54,871 [INFO] ThirdParty:981 - CMSIS Pack Vendor :STMicroelectronics X-CUBE-NFC4 2.0.4
2022-10-17 14:16:54,871 [INFO] ThirdParty:981 - CMSIS Pack Vendor :STMicroelectronics X-CUBE-BLE2 3.2.2
2022-10-17 14:16:54,871 [INFO] ThirdParty:981 - CMSIS Pack Vendor :STMicroelectronics USB_HOST 1.0.0
2022-10-17 14:16:54,871 [INFO] ThirdParty:981 - CMSIS Pack Vendor :STMicroelectronics PDM2PCM 3.1.0
2022-10-17 14:16:54,871 [INFO] ThirdParty:981 - CMSIS Pack Vendor :STMicroelectronics FP-ATR-ASTRA1 1.1.1
2022-10-17 14:16:54,871 [INFO] ThirdParty:981 - CMSIS Pack Vendor :STMicroelectronics PDM2PCM 3.3.0
2022-10-17 14:16:54,871 [INFO] ThirdParty:981 - CMSIS Pack Vendor :STMicroelectronics X-CUBE-TOF1 3.1.0
2022-10-17 14:16:54,872 [INFO] ThirdParty:981 - CMSIS Pack Vendor :STMicroelectronics X-CUBE-SFXS2LP1 3.1.0
2022-10-17 14:16:54,872 [INFO] ThirdParty:981 - CMSIS Pack Vendor :STMicroelectronics X-CUBE-AZRTOS-F4 1.0.0
2022-10-17 14:16:54,872 [INFO] ThirdParty:981 - CMSIS Pack Vendor :STMicroelectronics X-CUBE-AZRTOS-G4 1.0.0
2022-10-17 14:16:54,872 [INFO] ThirdParty:981 - CMSIS Pack Vendor :STMicroelectronics FP-ATR-SIGFOX1 3.2.0
2022-10-17 14:16:54,872 [INFO] ThirdParty:981 - CMSIS Pack Vendor :wolfSSL I-CUBE-wolfSSL 5.3.0
2022-10-17 14:16:54,872 [INFO] ThirdParty:981 - CMSIS Pack Vendor :STMicroelectronics X-CUBE-AZRTOS-L4 1.0.0
2022-10-17 14:16:54,872 [INFO] ThirdParty:981 - CMSIS Pack Vendor :STMicroelectronics HAL Drivers 0.0.0
2022-10-17 14:16:54,872 [INFO] ThirdParty:981 - CMSIS Pack Vendor :STMicroelectronics MBEDTLS 2.16.2
2022-10-17 14:16:54,872 [INFO] ThirdParty:981 - CMSIS Pack Vendor :emotas I-CUBE-CANOPEN 1.1.2
2022-10-17 14:16:54,872 [INFO] ThirdParty:981 - CMSIS Pack Vendor :STMicroelectronics X-CUBE-TOUCHGFX 4.20.0
2022-10-17 14:16:54,872 [INFO] ThirdParty:981 - CMSIS Pack Vendor :STMicroelectronics MBEDTLS 2.14.1
2022-10-17 14:16:54,872 [INFO] ThirdParty:981 - CMSIS Pack Vendor :STMicroelectronics X-CUBE-NFC7 1.0.0
2022-10-17 14:16:54,873 [INFO] ThirdParty:981 - CMSIS Pack Vendor :STMicroelectronics X-CUBE-AZRTOS-F7 1.0.0
2022-10-17 14:16:54,873 [INFO] ThirdParty:981 - CMSIS Pack Vendor :STMicroelectronics X-CUBE-AZRTOS-WL 1.0.0
2022-10-17 14:16:54,873 [INFO] ThirdParty:981 - CMSIS Pack Vendor :STMicroelectronics X-CUBE-MEMS1 9.3.0
2022-10-17 14:16:54,873 [INFO] ThirdParty:981 - CMSIS Pack Vendor :portGmbH I-Cube-SoM-uGOAL 1.1.0
2022-10-17 14:16:54,873 [INFO] ThirdParty:981 - CMSIS Pack Vendor :STMicroelectronics X-CUBE-ALS 1.0.1
2022-10-17 14:16:54,873 [INFO] ThirdParty:981 - CMSIS Pack Vendor :STMicroelectronics X-CUBE-AI 7.2.0
2022-10-17 14:16:54,873 [INFO] ThirdParty:981 - CMSIS Pack Vendor :STMicroelectronics ThreadX 1.0.0
2022-10-17 14:16:54,873 [INFO] ThirdParty:981 - CMSIS Pack Vendor :STMicroelectronics X-CUBE-AZRTOS-L5 1.0.0
2022-10-17 14:16:54,874 [INFO] ThirdParty:981 - CMSIS Pack Vendor :STMicroelectronics USB_DEVICE 1.0.0
2022-10-17 14:16:54,874 [INFO] ThirdParty:981 - CMSIS Pack Vendor :STMicroelectronics X-CUBE-AZRTOS-G0 1.0.0
2022-10-17 14:16:54,874 [INFO] ThirdParty:981 - CMSIS Pack Vendor :STMicroelectronics X-CUBE-EEPRMA1 3.1.1
2022-10-17 14:16:54,874 [INFO] ThirdParty:981 - CMSIS Pack Vendor :STMicroelectronics X-CUBE-GNSS1 5.2.0
2022-10-17 14:16:54,874 [INFO] ThirdParty:981 - CMSIS Pack Vendor :STMicroelectronics ThreadX 0.0.2
2022-10-17 14:16:54,875 [INFO] ThirdParty:981 - CMSIS Pack Vendor :STMicroelectronics lwIP 2.1.2
2022-10-17 14:16:54,875 [INFO] ThirdParty:981 - CMSIS Pack Vendor :STMicroelectronics X-CUBE-SFXS2LP1 4.0.0
2022-10-17 14:16:54,875 [INFO] ThirdParty:981 - CMSIS Pack Vendor :STMicroelectronics X-CUBE-BLE2 3.3.0
2022-10-17 14:16:54,875 [INFO] ThirdParty:981 - CMSIS Pack Vendor :STMicroelectronics X-CUBE-DISPLAY 2.2.0
2022-10-17 14:16:54,875 [INFO] ThirdParty:981 - CMSIS Pack Vendor :STMicroelectronics PDM2PCM 3.2.0
2022-10-17 14:16:54,875 [INFO] ThirdParty:981 - CMSIS Pack Vendor :STMicroelectronics X-CUBE-TOF1 3.0.0
2022-10-17 14:16:54,876 [INFO] ThirdParty:981 - CMSIS Pack Vendor :STMicroelectronics X-CUBE-ISPU 1.0.0
2022-10-17 14:16:54,876 [INFO] ThirdParty:797 - exiting critical section [change project]
2022-10-17 14:16:55,231 [INFO] PinOutPanel:1468 - setPackage(No Configuration,No Configuration)
2022-10-17 14:16:55,234 [INFO] PinOutPanel:1468 - setPackage(STM32F051R8Tx,LQFP64)
2022-10-17 14:16:55,978 [INFO] UtilMem:74 - Before build in PCC Used Memory: 284657368 Bytes (495976448)
2022-10-17 14:16:56,954 [INFO] UtilMem:74 - After build in PCC Used Memory: 288552960 Bytes (495976448)
2022-10-17 14:16:56,987 [INFO] IPUIPlugin:79 - create IPUIPlugin
2022-10-17 14:16:56,987 [INFO] IPUIPlugin:79 - create IPUIPlugin
2022-10-17 14:16:56,987 [INFO] IPUIPlugin:79 - create IPUIPlugin
2022-10-17 14:16:56,988 [INFO] IPUIPlugin:79 - create IPUIPlugin
2022-10-17 14:16:56,988 [INFO] IPUIPlugin:79 - create IPUIPlugin
2022-10-17 14:16:56,988 [INFO] IPUIPlugin:79 - create IPUIPlugin
2022-10-17 14:16:56,988 [INFO] IPUIPlugin:79 - create IPUIPlugin
2022-10-17 14:16:56,988 [INFO] IPUIPlugin:79 - create IPUIPlugin
2022-10-17 14:16:56,988 [INFO] IPUIPlugin:79 - create IPUIPlugin
2022-10-17 14:16:56,989 [INFO] IPUIPlugin:79 - create IPUIPlugin
2022-10-17 14:16:56,989 [INFO] IPUIPlugin:79 - create IPUIPlugin
2022-10-17 14:16:56,989 [INFO] IPUIPlugin:79 - create IPUIPlugin
2022-10-17 14:16:56,989 [INFO] IPUIPlugin:79 - create IPUIPlugin
2022-10-17 14:16:56,989 [INFO] IPUIPlugin:79 - create IPUIPlugin
2022-10-17 14:16:56,990 [INFO] IPUIPlugin:79 - create IPUIPlugin
2022-10-17 14:16:56,990 [INFO] IPUIPlugin:79 - create IPUIPlugin
2022-10-17 14:16:56,990 [INFO] IPUIPlugin:79 - create IPUIPlugin
2022-10-17 14:16:56,990 [INFO] IPUIPlugin:79 - create IPUIPlugin
2022-10-17 14:16:56,991 [INFO] IPUIPlugin:79 - create IPUIPlugin
2022-10-17 14:16:56,991 [INFO] IPUIPlugin:79 - create IPUIPlugin
2022-10-17 14:16:56,991 [INFO] IPUIPlugin:79 - create IPUIPlugin
2022-10-17 14:16:56,991 [INFO] IPUIPlugin:79 - create IPUIPlugin
2022-10-17 14:16:56,992 [INFO] IPUIPlugin:79 - create IPUIPlugin
2022-10-17 14:16:56,992 [INFO] IPUIPlugin:79 - create IPUIPlugin
2022-10-17 14:16:56,992 [INFO] IPUIPlugin:79 - create IPUIPlugin
2022-10-17 14:16:56,993 [INFO] IPUIPlugin:79 - create IPUIPlugin
2022-10-17 14:16:56,993 [INFO] IPUIPlugin:79 - create IPUIPlugin
2022-10-17 14:16:56,993 [INFO] IPUIPlugin:79 - create IPUIPlugin
2022-10-17 14:16:56,994 [INFO] IPUIPlugin:79 - create IPUIPlugin
2022-10-17 14:16:56,994 [INFO] IPUIPlugin:79 - create IPUIPlugin
2022-10-17 14:16:56,994 [INFO] IPUIPlugin:79 - create IPUIPlugin
2022-10-17 14:16:56,995 [INFO] IPUIPlugin:79 - create IPUIPlugin
2022-10-17 14:16:56,995 [INFO] IPUIPlugin:79 - create IPUIPlugin
2022-10-17 14:16:56,996 [INFO] IPUIPlugin:79 - create IPUIPlugin
2022-10-17 14:16:57,239 [INFO] OpenFileManager:327 - Restore cursor
2022-10-18 09:43:42,171 [INFO] Activator:177 - 


2022-10-18 09:43:42,187 [INFO] Activator:178 - !SESSION log4j initialized
2022-10-18 09:44:17,923 [ERROR] LogOutputStream:74 - [STDERR_REDIRECT] SLF4J: Failed to load class "org.slf4j.impl.StaticLoggerBinder".
2022-10-18 09:44:17,924 [ERROR] LogOutputStream:74 - [STDERR_REDIRECT] SLF4J: Defaulting to no-operation (NOP) logger implementation
2022-10-18 09:44:17,926 [ERROR] LogOutputStream:74 - [STDERR_REDIRECT] SLF4J: See http://www.slf4j.org/codes.html#StaticLoggerBinder for further details.
